
===================================================
Faces recognition example using eigenfaces and SVMs
===================================================

The dataset used in this example is a preprocessed excerpt of the
"Labeled Faces in the Wild", aka LFW_:

  http://vis-www.cs.umass.edu/lfw/lfw-funneled.tgz (233MB)

  .. _LFW: http://vis-www.cs.umass.edu/lfw/

  original source: http://scikit-learn.org/stable/auto_examples/applications/face_recognition.html


Total dataset size:
n_samples: 1288
n_features: 1850
n_classes: 7
Extracting the top 10 eigenfaces from 966 faces
done in 0.060s
Projecting the input data on the eigenfaces orthonormal basis
done in 0.013s
first pca.explained_variance_ratio: 0.193465272798
second pca.explained_variance_ration: 0.151168455012
first pc: 
second pc: 
Fitting the classifier to the training set
done in 40.044s
Best estimator found by grid search:
SVC(C=1000.0, cache_size=200, class_weight='balanced', coef0=0.0,
  decision_function_shape=None, degree=3, gamma=0.1, kernel='rbf',
  max_iter=-1, probability=False, random_state=None, shrinking=True,
  tol=0.001, verbose=False)
Predicting the people names on the testing set
done in 0.011s
                   precision    recall  f1-score   support

     Ariel Sharon       0.10      0.15      0.12        13
     Colin Powell       0.43      0.53      0.48        60
  Donald Rumsfeld       0.26      0.33      0.30        27
    George W Bush       0.66      0.58      0.62       146
Gerhard Schroeder       0.17      0.20      0.18        25
      Hugo Chavez       0.25      0.13      0.17        15
       Tony Blair       0.50      0.39      0.44        36

      avg / total       0.49      0.46      0.47       322

[[ 2  6  1  3  1  0  0]
 [ 8 32  2 10  4  1  3]
 [ 2  9  9  5  1  0  1]
 [ 7 21 10 84 14  3  7]
 [ 0  1  4 10  5  2  3]
 [ 1  2  2  8  0  2  0]
 [ 1  3  6  7  5  0 14]]

===================================================
Faces recognition example using eigenfaces and SVMs
===================================================

The dataset used in this example is a preprocessed excerpt of the
"Labeled Faces in the Wild", aka LFW_:

  http://vis-www.cs.umass.edu/lfw/lfw-funneled.tgz (233MB)

  .. _LFW: http://vis-www.cs.umass.edu/lfw/

  original source: http://scikit-learn.org/stable/auto_examples/applications/face_recognition.html


Total dataset size:
n_samples: 1288
n_features: 1850
n_classes: 7
Extracting the top 15 eigenfaces from 966 faces
done in 0.054s
Projecting the input data on the eigenfaces orthonormal basis
done in 0.015s
first pca.explained_variance_ratio: 0.193465272798
second pca.explained_variance_ration: 0.151168455012
first pc: 
second pc: 
Fitting the classifier to the training set
done in 14.807s
Best estimator found by grid search:
SVC(C=50000.0, cache_size=200, class_weight='balanced', coef0=0.0,
  decision_function_shape=None, degree=3, gamma=0.0005, kernel='rbf',
  max_iter=-1, probability=False, random_state=None, shrinking=True,
  tol=0.001, verbose=False)
Predicting the people names on the testing set
done in 0.011s
                   precision    recall  f1-score   support

     Ariel Sharon       0.26      0.46      0.33        13
     Colin Powell       0.65      0.73      0.69        60
  Donald Rumsfeld       0.46      0.63      0.53        27
    George W Bush       0.82      0.68      0.74       146
Gerhard Schroeder       0.39      0.44      0.42        25
      Hugo Chavez       0.60      0.40      0.48        15
       Tony Blair       0.50      0.50      0.50        36

      avg / total       0.66      0.62      0.63       322

[[ 6  5  1  1  0  0  0]
 [ 8 44  3  3  2  0  0]
 [ 3  1 17  6  0  0  0]
 [ 5 13 11 99  7  3  8]
 [ 0  0  1  6 11  1  6]
 [ 0  2  0  1  2  6  4]
 [ 1  3  4  4  6  0 18]]

===================================================
Faces recognition example using eigenfaces and SVMs
===================================================

The dataset used in this example is a preprocessed excerpt of the
"Labeled Faces in the Wild", aka LFW_:

  http://vis-www.cs.umass.edu/lfw/lfw-funneled.tgz (233MB)

  .. _LFW: http://vis-www.cs.umass.edu/lfw/

  original source: http://scikit-learn.org/stable/auto_examples/applications/face_recognition.html


Total dataset size:
n_samples: 1288
n_features: 1850
n_classes: 7
Extracting the top 25 eigenfaces from 966 faces
done in 0.068s
Projecting the input data on the eigenfaces orthonormal basis
done in 0.014s
first pca.explained_variance_ratio: 0.193465272798
second pca.explained_variance_ration: 0.151168455012
first pc: 
second pc: 
Fitting the classifier to the training set
done in 7.825s
Best estimator found by grid search:
SVC(C=1000.0, cache_size=200, class_weight='balanced', coef0=0.0,
  decision_function_shape=None, degree=3, gamma=0.01, kernel='rbf',
  max_iter=-1, probability=False, random_state=None, shrinking=True,
  tol=0.001, verbose=False)
Predicting the people names on the testing set
done in 0.011s
                   precision    recall  f1-score   support

     Ariel Sharon       0.56      0.69      0.62        13
     Colin Powell       0.74      0.87      0.80        60
  Donald Rumsfeld       0.48      0.52      0.50        27
    George W Bush       0.86      0.82      0.84       146
Gerhard Schroeder       0.58      0.56      0.57        25
      Hugo Chavez       0.90      0.60      0.72        15
       Tony Blair       0.68      0.64      0.66        36

      avg / total       0.76      0.75      0.75       322

[[  9   2   1   1   0   0   0]
 [  2  52   3   2   1   0   0]
 [  3   4  14   5   1   0   0]
 [  2   7   9 120   5   0   3]
 [  0   0   1   5  14   0   5]
 [  0   2   0   1   0   9   3]
 [  0   3   1   5   3   1  23]]

===================================================
Faces recognition example using eigenfaces and SVMs
===================================================

The dataset used in this example is a preprocessed excerpt of the
"Labeled Faces in the Wild", aka LFW_:

  http://vis-www.cs.umass.edu/lfw/lfw-funneled.tgz (233MB)

  .. _LFW: http://vis-www.cs.umass.edu/lfw/

  original source: http://scikit-learn.org/stable/auto_examples/applications/face_recognition.html


Total dataset size:
n_samples: 1288
n_features: 1850
n_classes: 7
Extracting the top 50 eigenfaces from 966 faces
done in 0.083s
Projecting the input data on the eigenfaces orthonormal basis
done in 0.014s
first pca.explained_variance_ratio: 0.193465272798
second pca.explained_variance_ration: 0.151168455012
first pc: 
second pc: 
Fitting the classifier to the training set
done in 8.190s
Best estimator found by grid search:
SVC(C=1000.0, cache_size=200, class_weight='balanced', coef0=0.0,
  decision_function_shape=None, degree=3, gamma=0.01, kernel='rbf',
  max_iter=-1, probability=False, random_state=None, shrinking=True,
  tol=0.001, verbose=False)
Predicting the people names on the testing set
done in 0.021s
                   precision    recall  f1-score   support

     Ariel Sharon       0.59      0.77      0.67        13
     Colin Powell       0.83      0.92      0.87        60
  Donald Rumsfeld       0.68      0.56      0.61        27
    George W Bush       0.87      0.90      0.88       146
Gerhard Schroeder       0.75      0.72      0.73        25
      Hugo Chavez       0.77      0.67      0.71        15
       Tony Blair       0.86      0.69      0.77        36

      avg / total       0.82      0.82      0.82       322

[[ 10   1   1   1   0   0   0]
 [  0  55   1   4   0   0   0]
 [  4   2  15   5   1   0   0]
 [  1   4   4 131   1   2   3]
 [  0   0   1   5  18   1   0]
 [  0   2   0   1   1  10   1]
 [  2   2   0   4   3   0  25]]

===================================================
Faces recognition example using eigenfaces and SVMs
===================================================

The dataset used in this example is a preprocessed excerpt of the
"Labeled Faces in the Wild", aka LFW_:

  http://vis-www.cs.umass.edu/lfw/lfw-funneled.tgz (233MB)

  .. _LFW: http://vis-www.cs.umass.edu/lfw/

  original source: http://scikit-learn.org/stable/auto_examples/applications/face_recognition.html


Total dataset size:
n_samples: 1288
n_features: 1850
n_classes: 7
Extracting the top 100 eigenfaces from 966 faces
done in 0.104s
Projecting the input data on the eigenfaces orthonormal basis
done in 0.019s
first pca.explained_variance_ratio: 0.193465272798
second pca.explained_variance_ration: 0.151168455012
first pc: 
second pc: 
Fitting the classifier to the training set
done in 16.778s
Best estimator found by grid search:
SVC(C=1000.0, cache_size=200, class_weight='balanced', coef0=0.0,
  decision_function_shape=None, degree=3, gamma=0.005, kernel='rbf',
  max_iter=-1, probability=False, random_state=None, shrinking=True,
  tol=0.001, verbose=False)
Predicting the people names on the testing set
done in 0.038s
                   precision    recall  f1-score   support

     Ariel Sharon       0.64      0.69      0.67        13
     Colin Powell       0.79      0.88      0.83        60
  Donald Rumsfeld       0.82      0.67      0.73        27
    George W Bush       0.88      0.94      0.91       146
Gerhard Schroeder       0.87      0.80      0.83        25
      Hugo Chavez       0.90      0.60      0.72        15
       Tony Blair       0.90      0.78      0.84        36

      avg / total       0.85      0.85      0.85       322

[[  9   1   2   1   0   0   0]
 [  1  53   0   5   0   1   0]
 [  2   2  18   5   0   0   0]
 [  1   6   2 137   0   0   0]
 [  0   1   0   2  20   0   2]
 [  0   3   0   0   2   9   1]
 [  1   1   0   5   1   0  28]]

===================================================
Faces recognition example using eigenfaces and SVMs
===================================================

The dataset used in this example is a preprocessed excerpt of the
"Labeled Faces in the Wild", aka LFW_:

  http://vis-www.cs.umass.edu/lfw/lfw-funneled.tgz (233MB)

  .. _LFW: http://vis-www.cs.umass.edu/lfw/

  original source: http://scikit-learn.org/stable/auto_examples/applications/face_recognition.html


Total dataset size:
n_samples: 1288
n_features: 1850
n_classes: 7
Extracting the top 250 eigenfaces from 966 faces
done in 0.203s
Projecting the input data on the eigenfaces orthonormal basis
done in 0.025s
first pca.explained_variance_ratio: 0.193465272798
second pca.explained_variance_ration: 0.151168455012
first pc: 
second pc: 
Fitting the classifier to the training set
done in 42.576s
Best estimator found by grid search:
SVC(C=1000.0, cache_size=200, class_weight='balanced', coef0=0.0,
  decision_function_shape=None, degree=3, gamma=0.001, kernel='rbf',
  max_iter=-1, probability=False, random_state=None, shrinking=True,
  tol=0.001, verbose=False)
Predicting the people names on the testing set
done in 0.091s
                   precision    recall  f1-score   support

     Ariel Sharon       0.64      0.69      0.67        13
     Colin Powell       0.75      0.90      0.82        60
  Donald Rumsfeld       0.82      0.67      0.73        27
    George W Bush       0.91      0.92      0.91       146
Gerhard Schroeder       0.87      0.80      0.83        25
      Hugo Chavez       0.80      0.53      0.64        15
       Tony Blair       0.82      0.78      0.80        36

      avg / total       0.84      0.84      0.84       322

[[  9   1   1   2   0   0   0]
 [  1  54   2   2   0   1   0]
 [  2   3  18   3   0   0   1]
 [  1   6   1 134   1   1   2]
 [  0   2   0   1  20   0   2]
 [  0   4   0   2   0   8   1]
 [  1   2   0   3   2   0  28]]
